# JRE version: OpenJDK Runtime Environment (8.0_152-b01) (build 1.8.0_152-release-1024-b01)
# Java VM: OpenJDK 64-Bit Server VM (25.152-b01 mixed mode linux-amd64 compressed oops)
Heap:
 PSYoungGen      total 483328K, used 483220K [0x00000000e0000000, 0x00000000ffe00000, 0x0000000100000000)
  eden space 475136K, 100% used [0x00000000e0000000,0x00000000fd000000,0x00000000fd000000)
  from space 8192K, 98% used [0x00000000fd000000,0x00000000fd7e53c0,0x00000000fd800000)
  to   space 23552K, 15% used [0x00000000fe700000,0x00000000fea7c110,0x00000000ffe00000)
 ParOldGen       total 91136K, used 67038K [0x00000000a0000000, 0x00000000a5900000, 0x00000000e0000000)
  object space 91136K, 73% used [0x00000000a0000000,0x00000000a4177880,0x00000000a5900000)
 Metaspace       used 90128K, capacity 96016K, committed 96256K, reserved 1132544K
  class space    used 11397K, capacity 12477K, committed 12544K, reserved 1048576K
GC Heap History (10 events):
Event: 1687,525 GC heap after
Heap after GC invocations=18 (full 3):
 PSYoungGen      total 491520K, used 13102K [0x00000000e0000000, 0x0000000100000000, 0x0000000100000000)
  eden space 467968K, 0% used [0x00000000e0000000,0x00000000e0000000,0x00000000fc900000)
  from space 23552K, 55% used [0x00000000fc900000,0x00000000fd5cb860,0x00000000fe000000)
  to   space 23040K, 0% used [0x00000000fe980000,0x00000000fe980000,0x0000000100000000)
 ParOldGen       total 91136K, used 62653K [0x00000000a0000000, 0x00000000a5900000, 0x00000000e0000000)
  object space 91136K, 68% used [0x00000000a0000000,0x00000000a3d2f4a0,0x00000000a5900000)
 Metaspace       used 85191K, capacity 89064K, committed 89344K, reserved 1126400K
  class space    used 10876K, capacity 11677K, committed 11776K, reserved 1048576K
}
Event: 1702,095 GC heap before
{Heap before GC invocations=19 (full 3):
 PSYoungGen      total 491520K, used 480768K [0x00000000e0000000, 0x0000000100000000, 0x0000000100000000)
  eden space 467968K, 99% used [0x00000000e0000000,0x00000000fc8b4828,0x00000000fc900000)
  from space 23552K, 55% used [0x00000000fc900000,0x00000000fd5cb860,0x00000000fe000000)
  to   space 23040K, 0% used [0x00000000fe980000,0x00000000fe980000,0x0000000100000000)
 ParOldGen       total 91136K, used 62653K [0x00000000a0000000, 0x00000000a5900000, 0x00000000e0000000)
  object space 91136K, 68% used [0x00000000a0000000,0x00000000a3d2f4a0,0x00000000a5900000)
 Metaspace       used 86252K, capacity 90158K, committed 90240K, reserved 1128448K
  class space    used 10991K, capacity 11834K, committed 11904K, reserved 1048576K
Event: 1702,117 GC heap after
Heap after GC invocations=19 (full 3):
 PSYoungGen      total 500224K, used 5187K [0x00000000e0000000, 0x00000000fff80000, 0x0000000100000000)
  eden space 477696K, 0% used [0x00000000e0000000,0x00000000e0000000,0x00000000fd280000)
  from space 22528K, 23% used [0x00000000fe980000,0x00000000fee90f98,0x00000000fff80000)
  to   space 23040K, 0% used [0x00000000fd280000,0x00000000fd280000,0x00000000fe900000)
 ParOldGen       total 91136K, used 65893K [0x00000000a0000000, 0x00000000a5900000, 0x00000000e0000000)
  object space 91136K, 72% used [0x00000000a0000000,0x00000000a4059550,0x00000000a5900000)
 Metaspace       used 86252K, capacity 90158K, committed 90240K, reserved 1128448K
  class space    used 10991K, capacity 11834K, committed 11904K, reserved 1048576K
}
Event: 4017,415 GC heap before
{Heap before GC invocations=20 (full 3):
 PSYoungGen      total 500224K, used 482490K [0x00000000e0000000, 0x00000000fff80000, 0x0000000100000000)
  eden space 477696K, 99% used [0x00000000e0000000,0x00000000fd21dbd8,0x00000000fd280000)
  from space 22528K, 23% used [0x00000000fe980000,0x00000000fee90f98,0x00000000fff80000)
  to   space 23040K, 0% used [0x00000000fd280000,0x00000000fd280000,0x00000000fe900000)
 ParOldGen       total 91136K, used 65893K [0x00000000a0000000, 0x00000000a5900000, 0x00000000e0000000)
  object space 91136K, 72% used [0x00000000a0000000,0x00000000a4059550,0x00000000a5900000)
 Metaspace       used 87887K, capacity 92262K, committed 92416K, reserved 1130496K
  class space    used 11169K, capacity 12032K, committed 12032K, reserved 1048576K
Event: 4017,699 GC heap after
Heap after GC invocations=20 (full 3):
 PSYoungGen      total 495616K, used 17680K [0x00000000e0000000, 0x0000000100000000, 0x0000000100000000)
  eden space 477696K, 0% used [0x00000000e0000000,0x00000000e0000000,0x00000000fd280000)
  from space 17920K, 98% used [0x00000000fd280000,0x00000000fe3c4340,0x00000000fe400000)
  to   space 24576K, 0% used [0x00000000fe800000,0x00000000fe800000,0x0000000100000000)
 ParOldGen       total 91136K, used 66261K [0x00000000a0000000, 0x00000000a5900000, 0x00000000e0000000)
  object space 91136K, 72% used [0x00000000a0000000,0x00000000a40b5580,0x00000000a5900000)
 Metaspace       used 87887K, capacity 92262K, committed 92416K, reserved 1130496K
  class space    used 11169K, capacity 12032K, committed 12032K, reserved 1048576K
}
Event: 8326,052 GC heap before
{Heap before GC invocations=21 (full 3):
 PSYoungGen      total 495616K, used 495376K [0x00000000e0000000, 0x0000000100000000, 0x0000000100000000)
  eden space 477696K, 100% used [0x00000000e0000000,0x00000000fd280000,0x00000000fd280000)
  from space 17920K, 98% used [0x00000000fd280000,0x00000000fe3c4340,0x00000000fe400000)
  to   space 24576K, 0% used [0x00000000fe800000,0x00000000fe800000,0x0000000100000000)
 ParOldGen       total 91136K, used 66261K [0x00000000a0000000, 0x00000000a5900000, 0x00000000e0000000)
  object space 91136K, 72% used [0x00000000a0000000,0x00000000a40b5580,0x00000000a5900000)
 Metaspace       used 88323K, capacity 92882K, committed 93056K, reserved 1130496K
  class space    used 11190K, capacity 12098K, committed 12160K, reserved 1048576K
Event: 8341,430 GC heap after
Heap after GC invocations=21 (full 3):
 PSYoungGen      total 499712K, used 2029K [0x00000000e0000000, 0x0000000100000000, 0x0000000100000000)
  eden space 475136K, 0% used [0x00000000e0000000,0x00000000e0000000,0x00000000fd000000)
  from space 24576K, 8% used [0x00000000fe800000,0x00000000fe9fb588,0x0000000100000000)
  to   space 24576K, 0% used [0x00000000fd000000,0x00000000fd000000,0x00000000fe800000)
 ParOldGen       total 91136K, used 67022K [0x00000000a0000000, 0x00000000a5900000, 0x00000000e0000000)
  object space 91136K, 73% used [0x00000000a0000000,0x00000000a4173880,0x00000000a5900000)
 Metaspace       used 88323K, capacity 92882K, committed 93056K, reserved 1130496K
  class space    used 11190K, capacity 12098K, committed 12160K, reserved 1048576K
}
Event: 8978,525 GC heap before
{Heap before GC invocations=22 (full 3):
 PSYoungGen      total 499712K, used 477165K [0x00000000e0000000, 0x0000000100000000, 0x0000000100000000)
  eden space 475136K, 100% used [0x00000000e0000000,0x00000000fd000000,0x00000000fd000000)
  from space 24576K, 8% used [0x00000000fe800000,0x00000000fe9fb588,0x0000000100000000)
  to   space 24576K, 0% used [0x00000000fd000000,0x00000000fd000000,0x00000000fe800000)
 ParOldGen       total 91136K, used 67022K [0x00000000a0000000, 0x00000000a5900000, 0x00000000e0000000)
  object space 91136K, 73% used [0x00000000a0000000,0x00000000a4173880,0x00000000a5900000)
 Metaspace       used 88986K, capacity 93808K, committed 93952K, reserved 1130496K
  class space    used 11238K, capacity 12185K, committed 12288K, reserved 1048576K
Event: 8979,527 GC heap after
Heap after GC invocations=22 (full 3):
 PSYoungGen      total 483328K, used 8084K [0x00000000e0000000, 0x00000000ffe00000, 0x0000000100000000)
  eden space 475136K, 0% used [0x00000000e0000000,0x00000000e0000000,0x00000000fd000000)
  from space 8192K, 98% used [0x00000000fd000000,0x00000000fd7e53c0,0x00000000fd800000)
  to   space 23552K, 0% used [0x00000000fe700000,0x00000000fe700000,0x00000000ffe00000)
 ParOldGen       total 91136K, used 67030K [0x00000000a0000000, 0x00000000a5900000, 0x00000000e0000000)
  object space 91136K, 73% used [0x00000000a0000000,0x00000000a4175880,0x00000000a5900000)
 Metaspace       used 88986K, capacity 93808K, committed 93952K, reserved 1130496K
  class space    used 11238K, capacity 12185K, committed 12288K, reserved 1048576K
}
Event: 9766,589 GC heap before
{Heap before GC invocations=23 (full 3):
 PSYoungGen      total 483328K, used 483220K [0x00000000e0000000, 0x00000000ffe00000, 0x0000000100000000)
  eden space 475136K, 100% used [0x00000000e0000000,0x00000000fd000000,0x00000000fd000000)
  from space 8192K, 98% used [0x00000000fd000000,0x00000000fd7e53c0,0x00000000fd800000)
  to   space 23552K, 0% used [0x00000000fe700000,0x00000000fe700000,0x00000000ffe00000)
 ParOldGen       total 91136K, used 67030K [0x00000000a0000000, 0x00000000a5900000, 0x00000000e0000000)
  object space 91136K, 73% used [0x00000000a0000000,0x00000000a4175880,0x00000000a5900000)
 Metaspace       used 90128K, capacity 96016K, committed 96256K, reserved 1132544K
  class space    used 11397K, capacity 12477K, committed 12544K, reserved 1048576K

